PIF: {
  ((start, 2), (-1, -1))
  ((puts, 2), (-1, -1))
  (((, 3), (-1, -1))
  (("Give me a natural number", 0), (6, 0))
  ((), 3), (-1, -1))
  ((;, 3), (-1, -1))
  ((string, 1), (63, 0))
  ((input_string, 1), (18, 0))
  ((;, 3), (-1, -1))
  ((input_string, 1), (18, 0))
  ((=, 4), (-1, -1))
  ((gets, 2), (-1, -1))
  (((, 3), (-1, -1))
  ((), 3), (-1, -1))
  ((;, 3), (-1, -1))
  ((string, 1), (63, 0))
  ((input_string_without_newline, 1), (50, 0))
  ((;, 3), (-1, -1))
  ((input_string_without_newline, 1), (50, 0))
  ((=, 4), (-1, -1))
  ((cuts, 2), (-1, -1))
  (((, 3), (-1, -1))
  ((input_string, 1), (18, 0))
  ((), 3), (-1, -1))
  ((;, 3), (-1, -1))
  ((int, 2), (-1, -1))
  ((a, 1), (97, 0))
  ((;, 3), (-1, -1))
  ((a, 1), (97, 0))
  ((=, 4), (-1, -1))
  ((to_i, 2), (-1, -1))
  (((, 3), (-1, -1))
  ((input_string_without_newline, 1), (50, 0))
  ((), 3), (-1, -1))
  ((;, 3), (-1, -1))
  ((puts, 2), (-1, -1))
  (((, 3), (-1, -1))
  (("Give me another natural number", 0), (62, 0))
  ((), 3), (-1, -1))
  ((;, 3), (-1, -1))
  ((input_string, 1), (18, 0))
  ((=, 4), (-1, -1))
  ((gets, 2), (-1, -1))
  (((, 3), (-1, -1))
  ((), 3), (-1, -1))
  ((;, 3), (-1, -1))
  ((input_string_without_newline, 1), (50, 0))
  ((=, 4), (-1, -1))
  ((cuts, 2), (-1, -1))
  (((, 3), (-1, -1))
  ((input_string, 1), (18, 0))
  ((), 3), (-1, -1))
  ((;, 3), (-1, -1))
  ((int, 2), (-1, -1))
  ((b, 1), (98, 0))
  ((;, 3), (-1, -1))
  ((b, 1), (98, 0))
  ((=, 4), (-1, -1))
  ((to_i, 2), (-1, -1))
  (((, 3), (-1, -1))
  ((input_string_without_newline, 1), (50, 0))
  ((), 3), (-1, -1))
  ((;, 3), (-1, -1))
  ((if, 2), (-1, -1))
  ((a, 1), (97, 0))
  ((<, 4), (-1, -1))
  ((b, 1), (98, 0))
  ((int, 2), (-1, -1))
  ((aux, 1), (34, 0))
  ((;, 3), (-1, -1))
  ((aux, 1), (34, 0))
  ((=, 4), (-1, -1))
  ((a, 1), (97, 0))
  ((;, 3), (-1, -1))
  ((a, 1), (97, 0))
  ((=, 4), (-1, -1))
  ((b, 1), (98, 0))
  ((;, 3), (-1, -1))
  ((b, 1), (98, 0))
  ((=, 4), (-1, -1))
  ((aux, 1), (34, 0))
  ((;, 3), (-1, -1))
  ((end, 2), (-1, -1))
  ((;, 3), (-1, -1))
  ((while, 2), (-1, -1))
  ((b, 1), (98, 0))
  ((!=, 4), (-1, -1))
  ((0, 0), (48, 0))
  ((do, 2), (-1, -1))
  ((int, 2), (-1, -1))
  ((aux, 1), (34, 0))
  ((;, 3), (-1, -1))
  ((aux, 1), (34, 0))
  ((=, 4), (-1, -1))
  ((b, 1), (98, 0))
  ((;, 3), (-1, -1))
  ((b, 1), (98, 0))
  ((=, 4), (-1, -1))
  ((a, 1), (97, 0))
  ((%, 4), (-1, -1))
  ((b, 1), (98, 0))
  ((;, 3), (-1, -1))
  ((a, 1), (97, 0))
  ((=, 4), (-1, -1))
  ((aux, 1), (34, 0))
  ((;, 3), (-1, -1))
  ((end, 2), (-1, -1))
  ((;, 3), (-1, -1))
  ((puts, 2), (-1, -1))
  (((, 3), (-1, -1))
  ((a, 1), (97, 0))
  ((), 3), (-1, -1))
  ((;, 3), (-1, -1))
  ((stop, 2), (-1, -1))
}
