SymbolTable: {
  []
  []
  []
  []
  []
  []
  ["Give me a natural number"]
  []
  []
  []
  []
  []
  []
  []
  []
  []
  []
  []
  [input_string]
  []
  []
  []
  []
  []
  []
  []
  []
  []
  []
  []
  []
  []
  []
  []
  [aux]
  []
  []
  []
  []
  []
  []
  []
  []
  []
  []
  []
  []
  []
  [0]
  []
  [input_string_without_newline]
  []
  []
  []
  []
  []
  []
  []
  []
  []
  []
  []
  ["Give me another natural number"]
  [string]
  []
  []
  []
  []
  []
  []
  []
  []
  []
  []
  []
  []
  []
  []
  []
  []
  []
  []
  []
  []
  []
  []
  []
  []
  []
  []
  []
  []
  []
  []
  []
  []
  []
  [a]
  [b]
  []
}
