SymbolTable: {
  []
  []
  []
  []
  []
  []
  []
  []
  []
  []
  []
  []
  []
  []
  []
  []
  []
  []
  []
  []
  []
  []
  []
  []
  []
  [arr]
  [max]
  []
  []
  []
  []
  []
  []
  []
  []
  []
  []
  []
  []
  []
  []
  []
  []
  []
  []
  []
  []
  []
  [0]
  [1, number]
  [2]
  [3]
  [4]
  []
  [6]
  []
  []
  []
  []
  []
  []
  []
  []
  []
  []
  []
  []
  []
  []
  []
  []
  []
  []
  []
  []
  []
  []
  []
  []
  []
  []
  []
  []
  []
  []
  []
  []
  []
  []
  []
  []
  []
  []
  []
  []
  []
  []
  [10]
  []
  [12]
}
