SymbolTable: {
  []
  []
  []
  []
  [input_number]
  []
  ["Give me a natural number"]
  []
  []
  []
  []
  []
  []
  []
  []
  []
  []
  []
  [input_string]
  []
  []
  []
  []
  [false]
  []
  []
  []
  []
  []
  []
  []
  []
  []
  []
  []
  []
  []
  []
  []
  []
  []
  []
  []
  []
  []
  []
  []
  []
  [true, 0]
  [number]
  [input_string_without_newline, 2]
  []
  []
  []
  []
  []
  [is_prime]
  []
  []
  []
  []
  []
  []
  []
  []
  []
  []
  []
  []
  []
  []
  []
  []
  []
  []
  []
  []
  []
  []
  []
  []
  []
  []
  []
  []
  []
  []
  []
  []
  []
  []
  []
  []
  []
  []
  []
  []
  []
  []
  []
}
